<?xml version="1.0" encoding="UTF-8"?>
<testng-results skipped="0" failed="0" ignored="0" total="1" passed="1">
  <reporter-output>
    <line>
      <![CDATA[hi]]>
    </line>
  </reporter-output>
  <suite name="Default suite" duration-ms="18021" started-at="2017-02-18T17:45:20Z" finished-at="2017-02-18T17:45:38Z">
    <groups>
    </groups>
    <test name="Default test" duration-ms="18021" started-at="2017-02-18T17:45:20Z" finished-at="2017-02-18T17:45:38Z">
      <class name="script.Testdemo">
        <test-method status="PASS" signature="precondition()[pri:0, instance:script.Testdemo@f4468b]" name="precondition" is-config="true" duration-ms="16389" started-at="2017-02-18T23:15:20Z" finished-at="2017-02-18T23:15:37Z">
          <reporter-output>
          </reporter-output>
        </test-method> <!-- precondition -->
        <test-method status="PASS" signature="demo()[pri:0, instance:script.Testdemo@f4468b]" name="demo" duration-ms="9" started-at="2017-02-18T23:15:37Z" finished-at="2017-02-18T23:15:37Z">
          <reporter-output>
            <line>
              <![CDATA[hi]]>
            </line>
          </reporter-output>
        </test-method> <!-- demo -->
        <test-method status="PASS" signature="postcondition()[pri:0, instance:script.Testdemo@f4468b]" name="postcondition" is-config="true" duration-ms="1576" started-at="2017-02-18T23:15:37Z" finished-at="2017-02-18T23:15:38Z">
          <reporter-output>
          </reporter-output>
        </test-method> <!-- postcondition -->
      </class> <!-- script.Testdemo -->
    </test> <!-- Default test -->
  </suite> <!-- Default suite -->
</testng-results>
